<?xml version="1.0" encoding="UTF-8"?>
<!-- Generated by org.testng.reporters.JUnitXMLReporter -->
<testsuite hostname="LAPTOP-QB66H2N4" ignored="0" name="Validating Header" tests="3" failures="1" timestamp="2020-08-12T15:26:56 IST" time="55.414" errors="0">
  <testcase name="verifyTitle" time="49.284" classname="testcases.ValidateTitle">
    <failure type="java.lang.AssertionError" message="expected [FEATURED 123COURSES] but found [FEATURED COURSES]">
      <![CDATA[java.lang.AssertionError: expected [FEATURED 123COURSES] but found [FEATURED COURSES]
at testcases.ValidateTitle.verifyTitle(ValidateTitle.java:26)
at java.util.ArrayList.forEach(ArrayList.java:1257)
at java.util.concurrent.FutureTask.run(FutureTask.java:266)
at java.util.concurrent.ThreadPoolExecutor.runWorker(ThreadPoolExecutor.java:1149)
at java.util.concurrent.ThreadPoolExecutor$Worker.run(ThreadPoolExecutor.java:624)
at java.lang.Thread.run(Thread.java:748)
... Removed 23 stack frames]]>
    </failure>
  </testcase> <!-- verifyTitle -->
  <testcase name="baseNavigation" time="53.344" classname="testcases.HomePage"/>
  <testcase name="verifyHeader" time="55.295" classname="testcases.HeaderVerification"/>
</testsuite> <!-- Validating Header -->
