-------------------------------------------------------------------------------
Test set: TestSuite
-------------------------------------------------------------------------------
Tests run: 4, Failures: 1, Errors: 0, Skipped: 0, Time elapsed: 89.208 s <<< FAILURE! - in TestSuite
testcases.ValidateTitle.verifyTitle  Time elapsed: 51.371 s  <<< FAILURE!
java.lang.AssertionError: expected [FEATURED 123COURSES] but found [FEATURED COURSES]
	at testcases.ValidateTitle.verifyTitle(ValidateTitle.java:26)

