<?xml version="1.0" encoding="UTF-8"?>
<testsuite xmlns:xsi="http://www.w3.org/2001/XMLSchema-instance" xsi:noNamespaceSchemaLocation="https://maven.apache.org/surefire/maven-surefire-plugin/xsd/surefire-test-report-3.0.xsd" version="3.0" name="TestSuite" time="89.208" tests="4" errors="0" skipped="0" failures="1">
  <properties>
[...]
</properties>
  <testcase name="verifyTitle" classname="testcases.ValidateTitle" time="51.371">
    <failure message="expected [FEATURED 123COURSES] but found [FEATURED COURSES]" type="java.lang.AssertionError"><![CDATA[java.lang.AssertionError: expected [FEATURED 123COURSES] but found [FEATURED COURSES]
	at testcases.ValidateTitle.verifyTitle(ValidateTitle.java:26)
]]></failure>
    <system-out><![CDATA[FEATURED COURSES
]]></system-out>
    <system-err><![CDATA[SSttaarrttiinngg  CChrhormeoDmreivDerri v8e3r.0 .843.1003..4114 0(b3e.0145494a 2(bb8e4014159745a82bb8864011107458bbc806a01100343bc401a71107383b4e1-r7ef1s/7br8anbche-h-eadrse/4f10s3@/b{r#a1nc1h9-}h)e aon dposr/t4 1370533@1{#
1O1n9l})y  loonc apl ocrotnne c459t4i3o
nsO nalrye  laolclaolw ecdo.nn
ePclteiaonses  asreee  ahltltopwse:d/./c
hPrloemaesder isveeer .hchtrtopmsi:u/m/.cohrrgo/mseedcurriivteyr-.ccohnrsoimdieurma.tioorngs/ sfeocru rsiugtgye-sctoinosnisd eorna tkieoenpsi nfg oCrh rsoumgegDerstiivero snasf eo.n 
keeping ChromeDriver safe.
ChromeDriveCrh rwoamse Dsrtiaverrt wead ss usctcaesrtsefdu sluclcyes.sfu
lly.
Starting ChromeDriver 83.0.4103.14 (be04594a2b8411758b860104bc0a1033417178be-refs/branch-heads/4103@{#119}) on port 35726
Only local connections are allowed.
Please see https://chromedriver.chromium.org/security-considerations for suggestions on keeping ChromeDriver safe.
ChromeDriver was started successfully.
[1597226170.071][WARNING]: This version of ChromeDriver has not been tested with Chrome version 84.
[1597226170.075][WARNING]: This version of C[hrome1D5r9i7v2e2r6 17h0a.s0 7n7o][tW AbReNen testIeNdG with] C:h rThiso mvee rvseirosni oonf  8C4h.ro
meDriver has not been tested with Chrome version 84.
Aug 12, 2020 3:26:16 PM org.openqa.selenium.remote.ProtocolHandshake createSession
INFO: Detected dialect: W3C
Aug 12, 2020 3:26:16 PM org.openqa.selenium.remote.ProtocolHandshake createSession
INFO: Detected dialect: W3C
Aug 12, 2020 3:26:16 PM org.openqa.selenium.remote.ProtocolHandshake createSession
INFO: Detected dialect: W3C
]]></system-err>
  </testcase>
  <testcase name="baseNavigation[jSHfksa, 12345](1)" classname="testcases.HomePage" time="53.338"/>
  <testcase name="baseNavigation[gasgtdj, 56789](2)" classname="testcases.HomePage" time="32.934">
    <system-err><![CDATA[Starting ChromeDriver 83.0.4103.14 (be04594a2b8411758b860104bc0a1033417178be-refs/branch-heads/4103@{#119}) on port 48991
Only local connections are allowed.
Please see https://chromedriver.chromium.org/security-considerations for suggestions on keeping ChromeDriver safe.
ChromeDriver was started successfully.
[1597226217.743][WARNING]: This version of ChromeDriver has not been tested with Chrome version 84.
Aug 12, 2020 3:27:06 PM org.openqa.selenium.remote.ProtocolHandshake createSession
INFO: Detected dialect: W3C
]]></system-err>
  </testcase>
  <testcase name="verifyHeader" classname="testcases.HeaderVerification" time="1.949"/>
</testsuite>